<?xml version="1.0" encoding="UTF-8"?>
<testng-results ignored="0" total="1" passed="1" failed="0" skipped="0">
  <reporter-output>
    <line>
      <![CDATA[CRUD operation is successfull]]>
    </line>
  </reporter-output>
  <suite started-at="2025-08-06T10:37:06 IST" name="Default suite" finished-at="2025-08-06T10:37:08 IST" duration-ms="2479">
    <groups>
    </groups>
    <test started-at="2025-08-06T10:37:06 IST" name="Default test" finished-at="2025-08-06T10:37:08 IST" duration-ms="2479">
      <class name="testScripts.GetOperation">
        <test-method is-config="true" signature="setUp()[pri:0, instance:testScripts.GetOperation@4ec4f3a0]" started-at="2025-08-06T10:37:06 IST" name="setUp" finished-at="2025-08-06T10:37:06 IST" duration-ms="375" status="PASS">
          <reporter-output>
          </reporter-output>
        </test-method> <!-- setUp -->
        <test-method signature="getOper()[pri:0, instance:testScripts.GetOperation@4ec4f3a0]" started-at="2025-08-06T10:37:06 IST" name="getOper" finished-at="2025-08-06T10:37:08 IST" duration-ms="2055" status="PASS">
          <reporter-output>
          </reporter-output>
        </test-method> <!-- getOper -->
        <test-method is-config="true" signature="tearDown()[pri:0, instance:testScripts.GetOperation@4ec4f3a0]" started-at="2025-08-06T10:37:08 IST" name="tearDown" finished-at="2025-08-06T10:37:08 IST" duration-ms="1" status="PASS">
          <reporter-output>
            <line>
              <![CDATA[CRUD operation is successfull]]>
            </line>
          </reporter-output>
        </test-method> <!-- tearDown -->
      </class> <!-- testScripts.GetOperation -->
    </test> <!-- Default test -->
  </suite> <!-- Default suite -->
</testng-results>
